# JRE version: OpenJDK Runtime Environment (17.0.7) (build 17.0.7+0-17.0.7b1000.6-10550314)
# Java VM: OpenJDK 64-Bit Server VM (17.0.7+0-17.0.7b1000.6-10550314, mixed mode, tiered, compressed oops, compressed class ptrs, g1 gc, bsd-amd64)
GC Precious Log:
 CPUs: 8 total, 8 available
 Memory: 8192M
 Large Page Support: Disabled
 NUMA Support: Disabled
 Compressed Oops: Enabled (Zero based)
 Heap Region Size: 1M
 Heap Min Capacity: 8M
 Heap Initial Capacity: 128M
 Heap Max Capacity: 2G
 Pre-touch: Disabled
 Parallel Workers: 8
 Concurrent Workers: 2
 Concurrent Refinement Workers: 8
 Periodic GC: Disabled
Heap:
 garbage-first heap   total 417792K, used 219937K [0x0000000780000000, 0x0000000800000000)
  region size 1024K, 32 young (32768K), 11 survivors (11264K)
 Metaspace       used 159991K, committed 162304K, reserved 1245184K
  class space    used 22376K, committed 23488K, reserved 1048576K
GC Heap History (20 events):
Event: 873.910 GC heap before
{Heap before GC invocations=101 (full 0):
 garbage-first heap   total 417792K, used 200380K [0x0000000780000000, 0x0000000800000000)
  region size 1024K, 16 young (16384K), 2 survivors (2048K)
 Metaspace       used 156436K, committed 157952K, reserved 1245184K
  class space    used 21877K, committed 22592K, reserved 1048576K
}
Event: 873.914 GC heap after
{Heap after GC invocations=102 (full 0):
 garbage-first heap   total 417792K, used 188030K [0x0000000780000000, 0x0000000800000000)
  region size 1024K, 2 young (2048K), 2 survivors (2048K)
 Metaspace       used 156436K, committed 157952K, reserved 1245184K
  class space    used 21877K, committed 22592K, reserved 1048576K
}
Event: 1058.788 GC heap before
{Heap before GC invocations=103 (full 0):
 garbage-first heap   total 417792K, used 383614K [0x0000000780000000, 0x0000000800000000)
  region size 1024K, 158 young (161792K), 2 survivors (2048K)
 Metaspace       used 156729K, committed 158272K, reserved 1245184K
  class space    used 21882K, committed 22592K, reserved 1048576K
}
Event: 1058.795 GC heap after
{Heap after GC invocations=104 (full 0):
 garbage-first heap   total 417792K, used 176103K [0x0000000780000000, 0x0000000800000000)
  region size 1024K, 2 young (2048K), 2 survivors (2048K)
 Metaspace       used 156729K, committed 158272K, reserved 1245184K
  class space    used 21882K, committed 22592K, reserved 1048576K
}
Event: 1059.793 GC heap before
{Heap before GC invocations=104 (full 0):
 garbage-first heap   total 417792K, used 193511K [0x0000000780000000, 0x0000000800000000)
  region size 1024K, 20 young (20480K), 2 survivors (2048K)
 Metaspace       used 156736K, committed 158336K, reserved 1245184K
  class space    used 21882K, committed 22592K, reserved 1048576K
}
Event: 1059.800 GC heap after
{Heap after GC invocations=105 (full 0):
 garbage-first heap   total 417792K, used 167751K [0x0000000780000000, 0x0000000800000000)
  region size 1024K, 2 young (2048K), 2 survivors (2048K)
 Metaspace       used 156736K, committed 158336K, reserved 1245184K
  class space    used 21882K, committed 22592K, reserved 1048576K
}
Event: 1068.217 GC heap before
{Heap before GC invocations=105 (full 0):
 garbage-first heap   total 417792K, used 279367K [0x0000000780000000, 0x0000000800000000)
  region size 1024K, 113 young (115712K), 2 survivors (2048K)
 Metaspace       used 156981K, committed 158528K, reserved 1245184K
  class space    used 21885K, committed 22592K, reserved 1048576K
}
Event: 1068.231 GC heap after
{Heap after GC invocations=106 (full 0):
 garbage-first heap   total 417792K, used 177629K [0x0000000780000000, 0x0000000800000000)
  region size 1024K, 12 young (12288K), 12 survivors (12288K)
 Metaspace       used 156981K, committed 158528K, reserved 1245184K
  class space    used 21885K, committed 22592K, reserved 1048576K
}
Event: 1217.381 GC heap before
{Heap before GC invocations=107 (full 0):
 garbage-first heap   total 417792K, used 386525K [0x0000000780000000, 0x0000000800000000)
  region size 1024K, 170 young (174080K), 12 survivors (12288K)
 Metaspace       used 157166K, committed 158784K, reserved 1245184K
  class space    used 21887K, committed 22656K, reserved 1048576K
}
Event: 1217.391 GC heap after
{Heap after GC invocations=108 (full 0):
 garbage-first heap   total 417792K, used 178693K [0x0000000780000000, 0x0000000800000000)
  region size 1024K, 11 young (11264K), 11 survivors (11264K)
 Metaspace       used 157166K, committed 158784K, reserved 1245184K
  class space    used 21887K, committed 22656K, reserved 1048576K
}
Event: 1217.496 GC heap before
{Heap before GC invocations=108 (full 0):
 garbage-first heap   total 417792K, used 186885K [0x0000000780000000, 0x0000000800000000)
  region size 1024K, 20 young (20480K), 11 survivors (11264K)
 Metaspace       used 157169K, committed 158784K, reserved 1245184K
  class space    used 21887K, committed 22656K, reserved 1048576K
}
Event: 1217.512 GC heap after
{Heap after GC invocations=109 (full 0):
 garbage-first heap   total 417792K, used 167380K [0x0000000780000000, 0x0000000800000000)
  region size 1024K, 3 young (3072K), 3 survivors (3072K)
 Metaspace       used 157169K, committed 158784K, reserved 1245184K
  class space    used 21887K, committed 22656K, reserved 1048576K
}
Event: 1600.553 GC heap before
{Heap before GC invocations=109 (full 0):
 garbage-first heap   total 417792K, used 340436K [0x0000000780000000, 0x0000000800000000)
  region size 1024K, 173 young (177152K), 3 survivors (3072K)
 Metaspace       used 157411K, committed 159040K, reserved 1245184K
  class space    used 21901K, committed 22656K, reserved 1048576K
}
Event: 1600.570 GC heap after
{Heap after GC invocations=110 (full 0):
 garbage-first heap   total 417792K, used 184865K [0x0000000780000000, 0x0000000800000000)
  region size 1024K, 20 young (20480K), 20 survivors (20480K)
 Metaspace       used 157411K, committed 159040K, reserved 1245184K
  class space    used 21901K, committed 22656K, reserved 1048576K
}
Event: 1614.621 GC heap before
{Heap before GC invocations=111 (full 0):
 garbage-first heap   total 417792K, used 362017K [0x0000000780000000, 0x0000000800000000)
  region size 1024K, 171 young (175104K), 20 survivors (20480K)
 Metaspace       used 159812K, committed 162112K, reserved 1245184K
  class space    used 22370K, committed 23488K, reserved 1048576K
}
Event: 1614.647 GC heap after
{Heap after GC invocations=112 (full 0):
 garbage-first heap   total 417792K, used 196418K [0x0000000780000000, 0x0000000800000000)
  region size 1024K, 14 young (14336K), 14 survivors (14336K)
 Metaspace       used 159812K, committed 162112K, reserved 1245184K
  class space    used 22370K, committed 23488K, reserved 1048576K
}
Event: 1614.666 GC heap before
{Heap before GC invocations=112 (full 0):
 garbage-first heap   total 417792K, used 202562K [0x0000000780000000, 0x0000000800000000)
  region size 1024K, 20 young (20480K), 14 survivors (14336K)
 Metaspace       used 159832K, committed 162176K, reserved 1245184K
  class space    used 22375K, committed 23488K, reserved 1048576K
}
Event: 1614.690 GC heap after
{Heap after GC invocations=113 (full 0):
 garbage-first heap   total 417792K, used 188101K [0x0000000780000000, 0x0000000800000000)
  region size 1024K, 2 young (2048K), 2 survivors (2048K)
 Metaspace       used 159832K, committed 162176K, reserved 1245184K
  class space    used 22375K, committed 23488K, reserved 1048576K
}
Event: 3116.397 GC heap before
{Heap before GC invocations=113 (full 0):
 garbage-first heap   total 417792K, used 289477K [0x0000000780000000, 0x0000000800000000)
  region size 1024K, 103 young (105472K), 2 survivors (2048K)
 Metaspace       used 159974K, committed 162304K, reserved 1245184K
  class space    used 22376K, committed 23488K, reserved 1048576K
}
Event: 3116.433 GC heap after
{Heap after GC invocations=114 (full 0):
 garbage-first heap   total 417792K, used 196385K [0x0000000780000000, 0x0000000800000000)
  region size 1024K, 11 young (11264K), 11 survivors (11264K)
 Metaspace       used 159974K, committed 162304K, reserved 1245184K
  class space    used 22376K, committed 23488K, reserved 1048576K
}

